[debug] [2022-08-12T19:33:27.364Z] ----------------------------------------------------------------------
[debug] [2022-08-12T19:33:27.366Z] Command:       /usr/local/bin/firebase /Users/antonio/.cache/firebase/tools/lib/node_modules/firebase-tools/lib/bin/firebase init
[debug] [2022-08-12T19:33:27.366Z] CLI Version:   11.6.0
[debug] [2022-08-12T19:33:27.366Z] Platform:      darwin
[debug] [2022-08-12T19:33:27.366Z] Node Version:  v16.16.0
[debug] [2022-08-12T19:33:27.368Z] Time:          Fri Aug 12 2022 21:33:27 GMT+0200 (GMT+02:00)
[debug] [2022-08-12T19:33:27.368Z] ----------------------------------------------------------------------
[debug] 
[debug] [2022-08-12T19:33:27.377Z] > command requires scopes: ["email","openid","https://www.googleapis.com/auth/cloudplatformprojects.readonly","https://www.googleapis.com/auth/firebase","https://www.googleapis.com/auth/cloud-platform"]
[debug] [2022-08-12T19:33:27.378Z] > authorizing via signed-in user (antoniomele.p@gmail.com)
[info] 
     ######## #### ########  ######## ########     ###     ######  ########
     ##        ##  ##     ## ##       ##     ##  ##   ##  ##       ##
     ######    ##  ########  ######   ########  #########  ######  ######
     ##        ##  ##    ##  ##       ##     ## ##     ##       ## ##
     ##       #### ##     ## ######## ########  ##     ##  ######  ########

You're about to initialize a Firebase project in this directory:

  /Users/antonio/Desktop/antwebsite/am_personal-master

[info] 
=== Project Setup
[info] 
[info] First, let's associate this project directory with a Firebase project.
[info] You can create multiple project aliases by running firebase use --add, 
[info] but for now we'll just set up a default project.
[info] 
[debug] [2022-08-12T19:33:38.652Z] >>> [apiv2][query] GET https://firebase.googleapis.com/v1beta1/projects pageSize=100
[debug] [2022-08-12T19:33:39.299Z] <<< [apiv2][status] GET https://firebase.googleapis.com/v1beta1/projects 200
[debug] [2022-08-12T19:33:39.299Z] <<< [apiv2][body] GET https://firebase.googleapis.com/v1beta1/projects [omitted]
[info] i  Using project antonioannamele (antonioannamele) 
[info] 
=== Hosting Setup
[info] 
[info] Your public directory is the folder (relative to your project directory) that
[info] will contain Hosting assets to be uploaded with firebase deploy. If you
[info] have a build process for your assets, use your build's output directory.
[info] 
[info] ✔  Wrote public/404.html 
[debug] [2022-08-12T19:34:06.301Z] >>> [apiv2][query] GET https://www.gstatic.com/firebasejs/releases.json [none]
[debug] [2022-08-12T19:34:06.631Z] <<< [apiv2][status] GET https://www.gstatic.com/firebasejs/releases.json 200
[debug] [2022-08-12T19:34:06.632Z] <<< [apiv2][body] GET https://www.gstatic.com/firebasejs/releases.json {"current":{"version":"9.9.2","browserURL":"https://www.gstatic.com/firebasejs/9.9.2/firebase.js","packageURL":"https://www.gstatic.com/firebasejs/9.9.2/firebase.tgz"},"live":{"version":"9.9","browserURL":"https://www.gstatic.com/firebasejs/live/9.9/firebase.js","packageURL":"https://www.gstatic.com/firebasejs/live/9.9/firebase.tgz"},"components":{"analytics":"https://www.gstatic.com/firebasejs/9.9.2/firebase-analytics.js","app":"https://www.gstatic.com/firebasejs/9.9.2/firebase-app.js","app-check":"https://www.gstatic.com/firebasejs/9.9.2/firebase-app-check.js","auth":"https://www.gstatic.com/firebasejs/9.9.2/firebase-auth.js","auth/cordova":"https://www.gstatic.com/firebasejs/9.9.2/firebase-auth/cordova.js","auth/react-native":"https://www.gstatic.com/firebasejs/9.9.2/firebase-auth/react-native.js","functions":"https://www.gstatic.com/firebasejs/9.9.2/firebase-functions.js","firestore":"https://www.gstatic.com/firebasejs/9.9.2/firebase-firestore.js","firestore/lite":"https://www.gstatic.com/firebasejs/9.9.2/firebase-firestore/lite.js","installations":"https://www.gstatic.com/firebasejs/9.9.2/firebase-installations.js","storage":"https://www.gstatic.com/firebasejs/9.9.2/firebase-storage.js","performance":"https://www.gstatic.com/firebasejs/9.9.2/firebase-performance.js","remote-config":"https://www.gstatic.com/firebasejs/9.9.2/firebase-remote-config.js","messaging":"https://www.gstatic.com/firebasejs/9.9.2/firebase-messaging.js","messaging/sw":"https://www.gstatic.com/firebasejs/9.9.2/firebase-messaging/sw.js","database":"https://www.gstatic.com/firebasejs/9.9.2/firebase-database.js","firestore.memory":"https://www.gstatic.com/firebasejs/9.9.2/firebase-firestore.memory.js"}}
[info] ✔  Wrote public/index.html 
[info] 
[info] i  Didn't detect a .git folder. Assuming /Users/antonio/Desktop/antwebsite/am_personal-master is the project root. 
[info] i  Authorizing with GitHub to upload your service account to a GitHub repository's secrets store. 
[info] 
[info] Visit this URL on this device to log in:
[info] https://github.com/login/oauth/authorize?client_id=89cf50f02ac6aaed3484&state=351262756&redirect_uri=http%3A%2F%2Flocalhost%3A9005&scope=read%3Auser%20repo%20public_repo
[info] 
[info] Waiting for authentication...
[debug] [2022-08-12T19:34:27.976Z] >>> [apiv2][query] POST https://github.com/login/oauth/access_token [none]
[debug] [2022-08-12T19:34:27.978Z] >>> [apiv2][body] POST https://github.com/login/oauth/access_token [stream]
[debug] [2022-08-12T19:34:34.807Z] <<< [apiv2][status] POST https://github.com/login/oauth/access_token 200
[debug] [2022-08-12T19:34:34.807Z] <<< [apiv2][body] POST https://github.com/login/oauth/access_token {"access_token":"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","token_type":"bearer","scope":"read:user,repo"}
[debug] [2022-08-12T19:34:34.823Z] >>> [apiv2][query] GET https://api.github.com/user [none]
[debug] [2022-08-12T19:34:35.362Z] <<< [apiv2][status] GET https://api.github.com/user 200
[debug] [2022-08-12T19:34:35.362Z] <<< [apiv2][body] GET https://api.github.com/user {"login":"AntMele","id":14035836,"node_id":"MDQ6VXNlcjE0MDM1ODM2","avatar_url":"https://avatars.githubusercontent.com/u/14035836?v=4","gravatar_id":"","url":"https://api.github.com/users/AntMele","html_url":"https://github.com/AntMele","followers_url":"https://api.github.com/users/AntMele/followers","following_url":"https://api.github.com/users/AntMele/following{/other_user}","gists_url":"https://api.github.com/users/AntMele/gists{/gist_id}","starred_url":"https://api.github.com/users/AntMele/starred{/owner}{/repo}","subscriptions_url":"https://api.github.com/users/AntMele/subscriptions","organizations_url":"https://api.github.com/users/AntMele/orgs","repos_url":"https://api.github.com/users/AntMele/repos","events_url":"https://api.github.com/users/AntMele/events{/privacy}","received_events_url":"https://api.github.com/users/AntMele/received_events","type":"User","site_admin":false,"name":"Antonio Anna Mele","company":null,"blog":"","location":null,"email":"antoniomele.p@gmail.com","hireable":null,"bio":"PhD student, Quantum Information.","twitter_username":"QuAntonioMele","public_repos":7,"public_gists":0,"followers":4,"following":12,"created_at":"2015-08-30T01:22:06Z","updated_at":"2022-08-11T19:12:05Z","private_gists":0,"total_private_repos":1,"owned_private_repos":1,"disk_usage":13229,"collaborators":1,"two_factor_authentication":false,"plan":{"name":"free","space":976562499,"collaborators":0,"private_repos":10000}}
[info] 
[info] ✔  Success! Logged into GitHub as AntMele 
[info] 
